<?xml version="1.0" encoding="UTF-8"?>
<!-- Generated by org.testng.reporters.JUnitXMLReporter -->
<testsuite ignored="0" hostname="DESKTOP-Q1O4L53" failures="0" tests="4" name="Test" time="0.031" errors="0" timestamp="2023-04-11T19:31:08 IST">
  <testcase classname="BatchTesting.signup" name="email" time="0.004"/>
  <testcase classname="BatchTesting.signup" name="fb" time="0.003"/>
  <testcase classname="BatchTesting.login" name="email" time="0.003"/>
  <testcase classname="BatchTesting.login" name="fb" time="0.006"/>
</testsuite> <!-- Test -->
